#! /opt/homebrew/Cellar/icarus-verilog/11.0/bin/vvp
:ivl_version "11.0 (stable)";
:ivl_delay_selection "TYPICAL";
:vpi_time_precision - 9;
:vpi_module "/opt/homebrew/Cellar/icarus-verilog/11.0/lib/ivl/system.vpi";
:vpi_module "/opt/homebrew/Cellar/icarus-verilog/11.0/lib/ivl/vhdl_sys.vpi";
:vpi_module "/opt/homebrew/Cellar/icarus-verilog/11.0/lib/ivl/vhdl_textio.vpi";
:vpi_module "/opt/homebrew/Cellar/icarus-verilog/11.0/lib/ivl/v2005_math.vpi";
:vpi_module "/opt/homebrew/Cellar/icarus-verilog/11.0/lib/ivl/va_math.vpi";
S_0x144e042a0 .scope module, "main" "main" 2 2;
 .timescale -9 -9;
v0x600002eb82d0_0 .net "o", 0 0, L_0x6000037b8070;  1 drivers
S_0x144e04410 .scope module, "oscillator" "oscillator" 2 5, 3 3 0, S_0x144e042a0;
 .timescale -9 -9;
    .port_info 0 /OUTPUT 1 "o";
L_0x148058010 .functor BUFT 1, C4<0>, C4<0>, C4<0>, C4<0>;
L_0x6000037b8070 .functor OR 1, L_0x600002dbc0a0, L_0x148058010, C4<0>, C4<0>;
v0x600002eb8000_0 .net *"_ivl_3", 0 0, L_0x600002dbc0a0;  1 drivers
v0x600002eb8090_0 .net/2u *"_ivl_4", 0 0, L_0x148058010;  1 drivers
v0x600002eb8120_0 .net "a", 0 0, L_0x600002dbc140;  1 drivers
v0x600002eb81b0_0 .net "b", 0 0, L_0x600002dbc000;  1 drivers
v0x600002eb8240_0 .net "o", 0 0, L_0x6000037b8070;  alias, 1 drivers
L_0x600002dbc000 .reduce/nor L_0x600002dbc140;
L_0x600002dbc0a0 .reduce/nor L_0x600002dbc000;
L_0x600002dbc140 .reduce/nor L_0x600002dbc000;
    .scope S_0x144e042a0;
T_0 ;
    %vpi_call 2 8 "$dumpvars" {0 0 0};
    %delay 100, 0;
    %vpi_call 2 10 "$finish" {0 0 0};
    %end;
    .thread T_0;
# The file index is used to find the file name in the following table.
:file_names 4;
    "N/A";
    "<interactive>";
    "test.v";
    "oscillator.v";
